2022-07-28 19:55:45,899 INFO [ClientConnectionEventListenerRegistry] registry listener - ConnectionBasedClientManager

2022-07-28 19:55:46,339 INFO Init loader limit rule from local,rule=

2022-07-28 19:55:46,401 INFO [ClientConnectionEventListenerRegistry] registry listener - ConfigConnectionEventListener

2022-07-28 19:55:46,428 INFO [ClientConnectionEventListenerRegistry] registry listener - RpcAckCallbackInitorOrCleaner

2022-07-28 19:55:46,746 INFO Nacos GrpcSdkServer Rpc server starting at port 9848

2022-07-28 19:55:47,943 INFO Nacos GrpcSdkServer Rpc server started at port 9848

2022-07-28 19:55:47,945 INFO Nacos GrpcClusterServer Rpc server starting at port 9849

2022-07-28 19:55:47,946 INFO Nacos GrpcClusterServer Rpc server started at port 9849

2022-07-28 19:56:40,253 INFO Nacos GrpcClusterServer Rpc server stopping

2022-07-28 19:56:40,255 INFO Nacos GrpcSdkServer Rpc server stopping

2022-07-28 19:56:40,259 INFO Nacos GrpcSdkServer Rpc server stopped successfully...

2022-07-28 19:56:40,259 INFO Nacos GrpcClusterServer Rpc server stopped successfully...

2022-07-28 19:57:13,677 INFO [ClientConnectionEventListenerRegistry] registry listener - ConnectionBasedClientManager

2022-07-28 19:57:14,108 INFO Init loader limit rule from local,rule=

2022-07-28 19:57:14,158 INFO [ClientConnectionEventListenerRegistry] registry listener - ConfigConnectionEventListener

2022-07-28 19:57:14,182 INFO [ClientConnectionEventListenerRegistry] registry listener - RpcAckCallbackInitorOrCleaner

2022-07-28 19:57:14,515 INFO Nacos GrpcSdkServer Rpc server starting at port 9848

2022-07-28 19:57:15,628 INFO Nacos GrpcSdkServer Rpc server started at port 9848

2022-07-28 19:57:15,629 INFO Nacos GrpcClusterServer Rpc server starting at port 9849

2022-07-28 19:57:15,631 INFO Nacos GrpcClusterServer Rpc server started at port 9849

2022-07-28 20:23:58,455 INFO Nacos GrpcSdkServer Rpc server stopping

2022-07-28 20:23:58,456 INFO Nacos GrpcClusterServer Rpc server stopping

2022-07-28 20:23:58,462 INFO Nacos GrpcClusterServer Rpc server stopped successfully...

2022-07-28 20:23:58,462 INFO Nacos GrpcSdkServer Rpc server stopped successfully...

