2022-07-27 19:14:08,069 INFO Register tps control,pointName=CONFIG_PUSH_COUNT, point=com.alibaba.nacos.core.remote.control.TpsMonitorPoint@963176 

2022-07-27 19:14:08,073 INFO Load rule from local,pointName=CONFIG_PUSH_COUNT, ruleContent= 

2022-07-27 19:14:08,073 INFO Apply tps control rule parse start,pointName=[CONFIG_PUSH_COUNT]  

2022-07-27 19:14:08,073 INFO Clear point  control rule ,pointName=[CONFIG_PUSH_COUNT]  

2022-07-27 19:14:08,073 INFO Clear point  control rule for monitorKeys, pointName=[CONFIG_PUSH_COUNT]  

2022-07-27 19:14:08,073 INFO Register tps control,pointName=CONFIG_PUSH_SUCCESS, point=com.alibaba.nacos.core.remote.control.TpsMonitorPoint@65004ff6 

2022-07-27 19:14:08,074 INFO Load rule from local,pointName=CONFIG_PUSH_SUCCESS, ruleContent= 

2022-07-27 19:14:08,074 INFO Apply tps control rule parse start,pointName=[CONFIG_PUSH_SUCCESS]  

2022-07-27 19:14:08,074 INFO Clear point  control rule ,pointName=[CONFIG_PUSH_SUCCESS]  

2022-07-27 19:14:08,074 INFO Clear point  control rule for monitorKeys, pointName=[CONFIG_PUSH_SUCCESS]  

2022-07-27 19:14:08,074 INFO Register tps control,pointName=CONFIG_PUSH_FAIL, point=com.alibaba.nacos.core.remote.control.TpsMonitorPoint@4cafa9aa 

2022-07-27 19:14:08,075 INFO Load rule from local,pointName=CONFIG_PUSH_FAIL, ruleContent= 

2022-07-27 19:14:08,075 INFO Apply tps control rule parse start,pointName=[CONFIG_PUSH_FAIL]  

2022-07-27 19:14:08,075 INFO Clear point  control rule ,pointName=[CONFIG_PUSH_FAIL]  

2022-07-27 19:14:08,075 INFO Clear point  control rule for monitorKeys, pointName=[CONFIG_PUSH_FAIL]  

2022-07-27 19:14:12,289 INFO Register tps control,pointName=ConfigQuery, point=com.alibaba.nacos.core.remote.control.TpsMonitorPoint@7a1f45ed 

2022-07-27 19:14:12,290 INFO Load rule from local,pointName=ConfigQuery, ruleContent= 

2022-07-27 19:14:12,290 INFO Apply tps control rule parse start,pointName=[ConfigQuery]  

2022-07-27 19:14:12,290 INFO Clear point  control rule ,pointName=[ConfigQuery]  

2022-07-27 19:14:12,290 INFO Clear point  control rule for monitorKeys, pointName=[ConfigQuery]  

2022-07-27 19:14:12,291 INFO Register tps control,pointName=ClusterConfigChangeNotify, point=com.alibaba.nacos.core.remote.control.TpsMonitorPoint@1744a475 

2022-07-27 19:14:12,291 INFO Load rule from local,pointName=ClusterConfigChangeNotify, ruleContent= 

2022-07-27 19:14:12,291 INFO Apply tps control rule parse start,pointName=[ClusterConfigChangeNotify]  

2022-07-27 19:14:12,291 INFO Clear point  control rule ,pointName=[ClusterConfigChangeNotify]  

2022-07-27 19:14:12,291 INFO Clear point  control rule for monitorKeys, pointName=[ClusterConfigChangeNotify]  

2022-07-27 19:14:12,291 INFO Register tps control,pointName=ConfigListen, point=com.alibaba.nacos.core.remote.control.TpsMonitorPoint@444cc791 

2022-07-27 19:14:12,292 INFO Load rule from local,pointName=ConfigListen, ruleContent= 

2022-07-27 19:14:12,292 INFO Apply tps control rule parse start,pointName=[ConfigListen]  

2022-07-27 19:14:12,292 INFO Clear point  control rule ,pointName=[ConfigListen]  

2022-07-27 19:14:12,292 INFO Clear point  control rule for monitorKeys, pointName=[ConfigListen]  

2022-07-27 19:14:12,292 INFO Register tps control,pointName=ConfigRemove, point=com.alibaba.nacos.core.remote.control.TpsMonitorPoint@1c5c616f 

2022-07-27 19:14:12,293 INFO Load rule from local,pointName=ConfigRemove, ruleContent= 

2022-07-27 19:14:12,293 INFO Apply tps control rule parse start,pointName=[ConfigRemove]  

2022-07-27 19:14:12,293 INFO Clear point  control rule ,pointName=[ConfigRemove]  

2022-07-27 19:14:12,293 INFO Clear point  control rule for monitorKeys, pointName=[ConfigRemove]  

2022-07-27 19:14:12,293 INFO Register tps control,pointName=ConfigPublish, point=com.alibaba.nacos.core.remote.control.TpsMonitorPoint@1c6c6f24 

2022-07-27 19:14:12,293 INFO Load rule from local,pointName=ConfigPublish, ruleContent= 

2022-07-27 19:14:12,293 INFO Apply tps control rule parse start,pointName=[ConfigPublish]  

2022-07-27 19:14:12,293 INFO Clear point  control rule ,pointName=[ConfigPublish]  

2022-07-27 19:14:12,293 INFO Clear point  control rule for monitorKeys, pointName=[ConfigPublish]  

2022-07-27 19:14:12,294 INFO Register tps control,pointName=HealthCheck, point=com.alibaba.nacos.core.remote.control.TpsMonitorPoint@2eb917d0 

2022-07-27 19:14:12,294 INFO Load rule from local,pointName=HealthCheck, ruleContent= 

2022-07-27 19:14:12,294 INFO Apply tps control rule parse start,pointName=[HealthCheck]  

2022-07-27 19:14:12,294 INFO Clear point  control rule ,pointName=[HealthCheck]  

2022-07-27 19:14:12,294 INFO Clear point  control rule for monitorKeys, pointName=[HealthCheck]  

2022-07-27 19:15:09,368 INFO Register tps control,pointName=NAMING_RPC_PUSH, point=com.alibaba.nacos.core.remote.control.TpsMonitorPoint@160767ee 

2022-07-27 19:15:09,368 INFO Load rule from local,pointName=NAMING_RPC_PUSH, ruleContent= 

2022-07-27 19:15:09,368 INFO Apply tps control rule parse start,pointName=[NAMING_RPC_PUSH]  

2022-07-27 19:15:09,368 INFO Clear point  control rule ,pointName=[NAMING_RPC_PUSH]  

2022-07-27 19:15:09,368 INFO Clear point  control rule for monitorKeys, pointName=[NAMING_RPC_PUSH]  

2022-07-27 19:15:09,368 INFO Register tps control,pointName=NAMING_RPC_PUSH_SUCCESS, point=com.alibaba.nacos.core.remote.control.TpsMonitorPoint@30fc05ff 

2022-07-27 19:15:09,368 INFO Load rule from local,pointName=NAMING_RPC_PUSH_SUCCESS, ruleContent= 

2022-07-27 19:15:09,368 INFO Apply tps control rule parse start,pointName=[NAMING_RPC_PUSH_SUCCESS]  

2022-07-27 19:15:09,373 INFO Clear point  control rule ,pointName=[NAMING_RPC_PUSH_SUCCESS]  

2022-07-27 19:15:09,373 INFO Clear point  control rule for monitorKeys, pointName=[NAMING_RPC_PUSH_SUCCESS]  

2022-07-27 19:15:09,373 INFO Register tps control,pointName=NAMING_RPC_PUSH_FAIL, point=com.alibaba.nacos.core.remote.control.TpsMonitorPoint@396eb4e9 

2022-07-27 19:15:09,373 INFO Load rule from local,pointName=NAMING_RPC_PUSH_FAIL, ruleContent= 

2022-07-27 19:15:09,373 INFO Apply tps control rule parse start,pointName=[NAMING_RPC_PUSH_FAIL]  

2022-07-27 19:15:09,373 INFO Clear point  control rule ,pointName=[NAMING_RPC_PUSH_FAIL]  

2022-07-27 19:15:09,373 INFO Clear point  control rule for monitorKeys, pointName=[NAMING_RPC_PUSH_FAIL]  

2022-07-27 19:15:09,373 INFO Register tps control,pointName=NAMING_UDP_PUSH, point=com.alibaba.nacos.core.remote.control.TpsMonitorPoint@3f8b08ed 

2022-07-27 19:15:09,373 INFO Load rule from local,pointName=NAMING_UDP_PUSH, ruleContent= 

2022-07-27 19:15:09,373 INFO Apply tps control rule parse start,pointName=[NAMING_UDP_PUSH]  

2022-07-27 19:15:09,373 INFO Clear point  control rule ,pointName=[NAMING_UDP_PUSH]  

2022-07-27 19:15:09,373 INFO Clear point  control rule for monitorKeys, pointName=[NAMING_UDP_PUSH]  

2022-07-27 19:15:09,373 INFO Register tps control,pointName=NAMING_UDP_PUSH_SUCCESS, point=com.alibaba.nacos.core.remote.control.TpsMonitorPoint@129e20e5 

2022-07-27 19:15:09,373 INFO Load rule from local,pointName=NAMING_UDP_PUSH_SUCCESS, ruleContent= 

2022-07-27 19:15:09,373 INFO Apply tps control rule parse start,pointName=[NAMING_UDP_PUSH_SUCCESS]  

2022-07-27 19:15:09,373 INFO Clear point  control rule ,pointName=[NAMING_UDP_PUSH_SUCCESS]  

2022-07-27 19:15:09,373 INFO Clear point  control rule for monitorKeys, pointName=[NAMING_UDP_PUSH_SUCCESS]  

2022-07-27 19:15:09,373 INFO Register tps control,pointName=NAMING_UDP_PUSH_FAIL, point=com.alibaba.nacos.core.remote.control.TpsMonitorPoint@421d0cb4 

2022-07-27 19:15:09,373 INFO Load rule from local,pointName=NAMING_UDP_PUSH_FAIL, ruleContent= 

2022-07-27 19:15:09,375 INFO Apply tps control rule parse start,pointName=[NAMING_UDP_PUSH_FAIL]  

2022-07-27 19:15:09,375 INFO Clear point  control rule ,pointName=[NAMING_UDP_PUSH_FAIL]  

2022-07-27 19:15:09,375 INFO Clear point  control rule for monitorKeys, pointName=[NAMING_UDP_PUSH_FAIL]  

2022-07-27 19:15:09,375 INFO Register tps control,pointName=NAMING_DISTRO_SYNC, point=com.alibaba.nacos.core.remote.control.TpsMonitorPoint@e9831e2 

2022-07-27 19:15:09,375 INFO Load rule from local,pointName=NAMING_DISTRO_SYNC, ruleContent= 

2022-07-27 19:15:09,375 INFO Apply tps control rule parse start,pointName=[NAMING_DISTRO_SYNC]  

2022-07-27 19:15:09,375 INFO Clear point  control rule ,pointName=[NAMING_DISTRO_SYNC]  

2022-07-27 19:15:09,375 INFO Clear point  control rule for monitorKeys, pointName=[NAMING_DISTRO_SYNC]  

2022-07-27 19:15:09,375 INFO Register tps control,pointName=NAMING_DISTRO_SYNC_SUCCESS, point=com.alibaba.nacos.core.remote.control.TpsMonitorPoint@69339cbc 

2022-07-27 19:15:09,375 INFO Load rule from local,pointName=NAMING_DISTRO_SYNC_SUCCESS, ruleContent= 

2022-07-27 19:15:09,375 INFO Apply tps control rule parse start,pointName=[NAMING_DISTRO_SYNC_SUCCESS]  

2022-07-27 19:15:09,375 INFO Clear point  control rule ,pointName=[NAMING_DISTRO_SYNC_SUCCESS]  

2022-07-27 19:15:09,375 INFO Clear point  control rule for monitorKeys, pointName=[NAMING_DISTRO_SYNC_SUCCESS]  

2022-07-27 19:15:09,375 INFO Register tps control,pointName=NAMING_DISTRO_SYNC_FAIL, point=com.alibaba.nacos.core.remote.control.TpsMonitorPoint@a490077 

2022-07-27 19:15:09,375 INFO Load rule from local,pointName=NAMING_DISTRO_SYNC_FAIL, ruleContent= 

2022-07-27 19:15:09,375 INFO Apply tps control rule parse start,pointName=[NAMING_DISTRO_SYNC_FAIL]  

2022-07-27 19:15:09,375 INFO Clear point  control rule ,pointName=[NAMING_DISTRO_SYNC_FAIL]  

2022-07-27 19:15:09,375 INFO Clear point  control rule for monitorKeys, pointName=[NAMING_DISTRO_SYNC_FAIL]  

2022-07-27 19:15:09,375 INFO Register tps control,pointName=NAMING_DISTRO_VERIFY, point=com.alibaba.nacos.core.remote.control.TpsMonitorPoint@209bc526 

2022-07-27 19:15:09,375 INFO Load rule from local,pointName=NAMING_DISTRO_VERIFY, ruleContent= 

2022-07-27 19:15:09,375 INFO Apply tps control rule parse start,pointName=[NAMING_DISTRO_VERIFY]  

2022-07-27 19:15:09,375 INFO Clear point  control rule ,pointName=[NAMING_DISTRO_VERIFY]  

2022-07-27 19:15:09,375 INFO Clear point  control rule for monitorKeys, pointName=[NAMING_DISTRO_VERIFY]  

2022-07-27 19:15:09,375 INFO Register tps control,pointName=NAMING_DISTRO_VERIFY_SUCCESS, point=com.alibaba.nacos.core.remote.control.TpsMonitorPoint@6f43f7f6 

2022-07-27 19:15:09,375 INFO Load rule from local,pointName=NAMING_DISTRO_VERIFY_SUCCESS, ruleContent= 

2022-07-27 19:15:09,375 INFO Apply tps control rule parse start,pointName=[NAMING_DISTRO_VERIFY_SUCCESS]  

2022-07-27 19:15:09,375 INFO Clear point  control rule ,pointName=[NAMING_DISTRO_VERIFY_SUCCESS]  

2022-07-27 19:15:09,375 INFO Clear point  control rule for monitorKeys, pointName=[NAMING_DISTRO_VERIFY_SUCCESS]  

2022-07-27 19:15:09,375 INFO Register tps control,pointName=NAMING_DISTRO_VERIFY_FAIL, point=com.alibaba.nacos.core.remote.control.TpsMonitorPoint@1a6040de 

2022-07-27 19:15:09,375 INFO Load rule from local,pointName=NAMING_DISTRO_VERIFY_FAIL, ruleContent= 

2022-07-27 19:15:09,375 INFO Apply tps control rule parse start,pointName=[NAMING_DISTRO_VERIFY_FAIL]  

2022-07-27 19:15:09,375 INFO Clear point  control rule ,pointName=[NAMING_DISTRO_VERIFY_FAIL]  

2022-07-27 19:15:09,375 INFO Clear point  control rule for monitorKeys, pointName=[NAMING_DISTRO_VERIFY_FAIL]  

2022-07-27 19:17:20,092 INFO Register tps control,pointName=CONFIG_PUSH_COUNT, point=com.alibaba.nacos.core.remote.control.TpsMonitorPoint@3a022576 

2022-07-27 19:17:20,092 INFO Load rule from local,pointName=CONFIG_PUSH_COUNT, ruleContent= 

2022-07-27 19:17:20,092 INFO Apply tps control rule parse start,pointName=[CONFIG_PUSH_COUNT]  

2022-07-27 19:17:20,092 INFO Clear point  control rule ,pointName=[CONFIG_PUSH_COUNT]  

2022-07-27 19:17:20,093 INFO Clear point  control rule for monitorKeys, pointName=[CONFIG_PUSH_COUNT]  

2022-07-27 19:17:20,093 INFO Register tps control,pointName=CONFIG_PUSH_SUCCESS, point=com.alibaba.nacos.core.remote.control.TpsMonitorPoint@2dbd803f 

2022-07-27 19:17:20,093 INFO Load rule from local,pointName=CONFIG_PUSH_SUCCESS, ruleContent= 

2022-07-27 19:17:20,093 INFO Apply tps control rule parse start,pointName=[CONFIG_PUSH_SUCCESS]  

2022-07-27 19:17:20,093 INFO Clear point  control rule ,pointName=[CONFIG_PUSH_SUCCESS]  

2022-07-27 19:17:20,093 INFO Clear point  control rule for monitorKeys, pointName=[CONFIG_PUSH_SUCCESS]  

2022-07-27 19:17:20,093 INFO Register tps control,pointName=CONFIG_PUSH_FAIL, point=com.alibaba.nacos.core.remote.control.TpsMonitorPoint@3e48e859 

2022-07-27 19:17:20,094 INFO Load rule from local,pointName=CONFIG_PUSH_FAIL, ruleContent= 

2022-07-27 19:17:20,094 INFO Apply tps control rule parse start,pointName=[CONFIG_PUSH_FAIL]  

2022-07-27 19:17:20,094 INFO Clear point  control rule ,pointName=[CONFIG_PUSH_FAIL]  

2022-07-27 19:17:20,094 INFO Clear point  control rule for monitorKeys, pointName=[CONFIG_PUSH_FAIL]  

2022-07-27 19:17:23,924 INFO Register tps control,pointName=ConfigQuery, point=com.alibaba.nacos.core.remote.control.TpsMonitorPoint@71d8cfe7 

2022-07-27 19:17:23,924 INFO Load rule from local,pointName=ConfigQuery, ruleContent= 

2022-07-27 19:17:23,924 INFO Apply tps control rule parse start,pointName=[ConfigQuery]  

2022-07-27 19:17:23,924 INFO Clear point  control rule ,pointName=[ConfigQuery]  

2022-07-27 19:17:23,924 INFO Clear point  control rule for monitorKeys, pointName=[ConfigQuery]  

2022-07-27 19:17:23,924 INFO Register tps control,pointName=ClusterConfigChangeNotify, point=com.alibaba.nacos.core.remote.control.TpsMonitorPoint@1e530163 

2022-07-27 19:17:23,924 INFO Load rule from local,pointName=ClusterConfigChangeNotify, ruleContent= 

2022-07-27 19:17:23,924 INFO Apply tps control rule parse start,pointName=[ClusterConfigChangeNotify]  

2022-07-27 19:17:23,924 INFO Clear point  control rule ,pointName=[ClusterConfigChangeNotify]  

2022-07-27 19:17:23,924 INFO Clear point  control rule for monitorKeys, pointName=[ClusterConfigChangeNotify]  

2022-07-27 19:17:23,924 INFO Register tps control,pointName=ConfigListen, point=com.alibaba.nacos.core.remote.control.TpsMonitorPoint@14d8444b 

2022-07-27 19:17:23,924 INFO Load rule from local,pointName=ConfigListen, ruleContent= 

2022-07-27 19:17:23,924 INFO Apply tps control rule parse start,pointName=[ConfigListen]  

2022-07-27 19:17:23,924 INFO Clear point  control rule ,pointName=[ConfigListen]  

2022-07-27 19:17:23,924 INFO Clear point  control rule for monitorKeys, pointName=[ConfigListen]  

2022-07-27 19:17:23,924 INFO Register tps control,pointName=ConfigRemove, point=com.alibaba.nacos.core.remote.control.TpsMonitorPoint@71466383 

2022-07-27 19:17:23,924 INFO Load rule from local,pointName=ConfigRemove, ruleContent= 

2022-07-27 19:17:23,924 INFO Apply tps control rule parse start,pointName=[ConfigRemove]  

2022-07-27 19:17:23,924 INFO Clear point  control rule ,pointName=[ConfigRemove]  

2022-07-27 19:17:23,924 INFO Clear point  control rule for monitorKeys, pointName=[ConfigRemove]  

2022-07-27 19:17:23,924 INFO Register tps control,pointName=ConfigPublish, point=com.alibaba.nacos.core.remote.control.TpsMonitorPoint@46d63dbb 

2022-07-27 19:17:23,931 INFO Load rule from local,pointName=ConfigPublish, ruleContent= 

2022-07-27 19:17:23,931 INFO Apply tps control rule parse start,pointName=[ConfigPublish]  

2022-07-27 19:17:23,931 INFO Clear point  control rule ,pointName=[ConfigPublish]  

2022-07-27 19:17:23,931 INFO Clear point  control rule for monitorKeys, pointName=[ConfigPublish]  

2022-07-27 19:17:23,931 INFO Register tps control,pointName=HealthCheck, point=com.alibaba.nacos.core.remote.control.TpsMonitorPoint@4088741b 

2022-07-27 19:17:23,931 INFO Load rule from local,pointName=HealthCheck, ruleContent= 

2022-07-27 19:17:23,931 INFO Apply tps control rule parse start,pointName=[HealthCheck]  

2022-07-27 19:17:23,931 INFO Clear point  control rule ,pointName=[HealthCheck]  

2022-07-27 19:17:23,931 INFO Clear point  control rule for monitorKeys, pointName=[HealthCheck]  

2022-07-27 19:19:41,987 INFO Register tps control,pointName=CONFIG_PUSH_COUNT, point=com.alibaba.nacos.core.remote.control.TpsMonitorPoint@4c27d39d 

2022-07-27 19:19:41,988 INFO Load rule from local,pointName=CONFIG_PUSH_COUNT, ruleContent= 

2022-07-27 19:19:41,988 INFO Apply tps control rule parse start,pointName=[CONFIG_PUSH_COUNT]  

2022-07-27 19:19:41,988 INFO Clear point  control rule ,pointName=[CONFIG_PUSH_COUNT]  

2022-07-27 19:19:41,989 INFO Clear point  control rule for monitorKeys, pointName=[CONFIG_PUSH_COUNT]  

2022-07-27 19:19:41,989 INFO Register tps control,pointName=CONFIG_PUSH_SUCCESS, point=com.alibaba.nacos.core.remote.control.TpsMonitorPoint@40ee0a22 

2022-07-27 19:19:41,989 INFO Load rule from local,pointName=CONFIG_PUSH_SUCCESS, ruleContent= 

2022-07-27 19:19:41,989 INFO Apply tps control rule parse start,pointName=[CONFIG_PUSH_SUCCESS]  

2022-07-27 19:19:41,989 INFO Clear point  control rule ,pointName=[CONFIG_PUSH_SUCCESS]  

2022-07-27 19:19:41,989 INFO Clear point  control rule for monitorKeys, pointName=[CONFIG_PUSH_SUCCESS]  

2022-07-27 19:19:41,989 INFO Register tps control,pointName=CONFIG_PUSH_FAIL, point=com.alibaba.nacos.core.remote.control.TpsMonitorPoint@7bde1f3a 

2022-07-27 19:19:41,989 INFO Load rule from local,pointName=CONFIG_PUSH_FAIL, ruleContent= 

2022-07-27 19:19:41,989 INFO Apply tps control rule parse start,pointName=[CONFIG_PUSH_FAIL]  

2022-07-27 19:19:41,989 INFO Clear point  control rule ,pointName=[CONFIG_PUSH_FAIL]  

2022-07-27 19:19:41,989 INFO Clear point  control rule for monitorKeys, pointName=[CONFIG_PUSH_FAIL]  

2022-07-27 19:19:46,139 INFO Register tps control,pointName=ConfigQuery, point=com.alibaba.nacos.core.remote.control.TpsMonitorPoint@8a98f38 

2022-07-27 19:19:46,139 INFO Load rule from local,pointName=ConfigQuery, ruleContent= 

2022-07-27 19:19:46,139 INFO Apply tps control rule parse start,pointName=[ConfigQuery]  

2022-07-27 19:19:46,140 INFO Clear point  control rule ,pointName=[ConfigQuery]  

2022-07-27 19:19:46,140 INFO Clear point  control rule for monitorKeys, pointName=[ConfigQuery]  

2022-07-27 19:19:46,140 INFO Register tps control,pointName=ClusterConfigChangeNotify, point=com.alibaba.nacos.core.remote.control.TpsMonitorPoint@20011bf 

2022-07-27 19:19:46,140 INFO Load rule from local,pointName=ClusterConfigChangeNotify, ruleContent= 

2022-07-27 19:19:46,140 INFO Apply tps control rule parse start,pointName=[ClusterConfigChangeNotify]  

2022-07-27 19:19:46,140 INFO Clear point  control rule ,pointName=[ClusterConfigChangeNotify]  

2022-07-27 19:19:46,140 INFO Clear point  control rule for monitorKeys, pointName=[ClusterConfigChangeNotify]  

2022-07-27 19:19:46,140 INFO Register tps control,pointName=ConfigListen, point=com.alibaba.nacos.core.remote.control.TpsMonitorPoint@51d9b06c 

2022-07-27 19:19:46,140 INFO Load rule from local,pointName=ConfigListen, ruleContent= 

2022-07-27 19:19:46,140 INFO Apply tps control rule parse start,pointName=[ConfigListen]  

2022-07-27 19:19:46,140 INFO Clear point  control rule ,pointName=[ConfigListen]  

2022-07-27 19:19:46,140 INFO Clear point  control rule for monitorKeys, pointName=[ConfigListen]  

2022-07-27 19:19:46,141 INFO Register tps control,pointName=ConfigRemove, point=com.alibaba.nacos.core.remote.control.TpsMonitorPoint@5eb2172 

2022-07-27 19:19:46,141 INFO Load rule from local,pointName=ConfigRemove, ruleContent= 

2022-07-27 19:19:46,141 INFO Apply tps control rule parse start,pointName=[ConfigRemove]  

2022-07-27 19:19:46,142 INFO Clear point  control rule ,pointName=[ConfigRemove]  

2022-07-27 19:19:46,142 INFO Clear point  control rule for monitorKeys, pointName=[ConfigRemove]  

2022-07-27 19:19:46,142 INFO Register tps control,pointName=ConfigPublish, point=com.alibaba.nacos.core.remote.control.TpsMonitorPoint@41ffaeb8 

2022-07-27 19:19:46,142 INFO Load rule from local,pointName=ConfigPublish, ruleContent= 

2022-07-27 19:19:46,142 INFO Apply tps control rule parse start,pointName=[ConfigPublish]  

2022-07-27 19:19:46,142 INFO Clear point  control rule ,pointName=[ConfigPublish]  

2022-07-27 19:19:46,142 INFO Clear point  control rule for monitorKeys, pointName=[ConfigPublish]  

2022-07-27 19:19:46,142 INFO Register tps control,pointName=HealthCheck, point=com.alibaba.nacos.core.remote.control.TpsMonitorPoint@43f0c2d1 

2022-07-27 19:19:46,142 INFO Load rule from local,pointName=HealthCheck, ruleContent= 

2022-07-27 19:19:46,142 INFO Apply tps control rule parse start,pointName=[HealthCheck]  

2022-07-27 19:19:46,142 INFO Clear point  control rule ,pointName=[HealthCheck]  

2022-07-27 19:19:46,143 INFO Clear point  control rule for monitorKeys, pointName=[HealthCheck]  

2022-07-27 19:20:19,713 INFO Register tps control,pointName=NAMING_RPC_PUSH, point=com.alibaba.nacos.core.remote.control.TpsMonitorPoint@30d21476 

2022-07-27 19:20:19,715 INFO Load rule from local,pointName=NAMING_RPC_PUSH, ruleContent= 

2022-07-27 19:20:19,715 INFO Apply tps control rule parse start,pointName=[NAMING_RPC_PUSH]  

2022-07-27 19:20:19,715 INFO Clear point  control rule ,pointName=[NAMING_RPC_PUSH]  

2022-07-27 19:20:19,715 INFO Clear point  control rule for monitorKeys, pointName=[NAMING_RPC_PUSH]  

2022-07-27 19:20:19,715 INFO Register tps control,pointName=NAMING_RPC_PUSH_SUCCESS, point=com.alibaba.nacos.core.remote.control.TpsMonitorPoint@71380273 

2022-07-27 19:20:19,715 INFO Load rule from local,pointName=NAMING_RPC_PUSH_SUCCESS, ruleContent= 

2022-07-27 19:20:19,716 INFO Apply tps control rule parse start,pointName=[NAMING_RPC_PUSH_SUCCESS]  

2022-07-27 19:20:19,716 INFO Clear point  control rule ,pointName=[NAMING_RPC_PUSH_SUCCESS]  

2022-07-27 19:20:19,716 INFO Clear point  control rule for monitorKeys, pointName=[NAMING_RPC_PUSH_SUCCESS]  

2022-07-27 19:20:19,716 INFO Register tps control,pointName=NAMING_RPC_PUSH_FAIL, point=com.alibaba.nacos.core.remote.control.TpsMonitorPoint@73f3864b 

2022-07-27 19:20:19,716 INFO Load rule from local,pointName=NAMING_RPC_PUSH_FAIL, ruleContent= 

2022-07-27 19:20:19,716 INFO Apply tps control rule parse start,pointName=[NAMING_RPC_PUSH_FAIL]  

2022-07-27 19:20:19,716 INFO Clear point  control rule ,pointName=[NAMING_RPC_PUSH_FAIL]  

2022-07-27 19:20:19,716 INFO Clear point  control rule for monitorKeys, pointName=[NAMING_RPC_PUSH_FAIL]  

2022-07-27 19:20:19,716 INFO Register tps control,pointName=NAMING_UDP_PUSH, point=com.alibaba.nacos.core.remote.control.TpsMonitorPoint@13f078f2 

2022-07-27 19:20:19,716 INFO Load rule from local,pointName=NAMING_UDP_PUSH, ruleContent= 

2022-07-27 19:20:19,716 INFO Apply tps control rule parse start,pointName=[NAMING_UDP_PUSH]  

2022-07-27 19:20:19,716 INFO Clear point  control rule ,pointName=[NAMING_UDP_PUSH]  

2022-07-27 19:20:19,716 INFO Clear point  control rule for monitorKeys, pointName=[NAMING_UDP_PUSH]  

2022-07-27 19:20:19,716 INFO Register tps control,pointName=NAMING_UDP_PUSH_SUCCESS, point=com.alibaba.nacos.core.remote.control.TpsMonitorPoint@3321bf5e 

2022-07-27 19:20:19,717 INFO Load rule from local,pointName=NAMING_UDP_PUSH_SUCCESS, ruleContent= 

2022-07-27 19:20:19,717 INFO Apply tps control rule parse start,pointName=[NAMING_UDP_PUSH_SUCCESS]  

2022-07-27 19:20:19,717 INFO Clear point  control rule ,pointName=[NAMING_UDP_PUSH_SUCCESS]  

2022-07-27 19:20:19,717 INFO Clear point  control rule for monitorKeys, pointName=[NAMING_UDP_PUSH_SUCCESS]  

2022-07-27 19:20:19,717 INFO Register tps control,pointName=NAMING_UDP_PUSH_FAIL, point=com.alibaba.nacos.core.remote.control.TpsMonitorPoint@2bb08d3 

2022-07-27 19:20:19,717 INFO Load rule from local,pointName=NAMING_UDP_PUSH_FAIL, ruleContent= 

2022-07-27 19:20:19,717 INFO Apply tps control rule parse start,pointName=[NAMING_UDP_PUSH_FAIL]  

2022-07-27 19:20:19,717 INFO Clear point  control rule ,pointName=[NAMING_UDP_PUSH_FAIL]  

2022-07-27 19:20:19,717 INFO Clear point  control rule for monitorKeys, pointName=[NAMING_UDP_PUSH_FAIL]  

2022-07-27 19:20:19,717 INFO Register tps control,pointName=NAMING_DISTRO_SYNC, point=com.alibaba.nacos.core.remote.control.TpsMonitorPoint@6d150711 

2022-07-27 19:20:19,717 INFO Load rule from local,pointName=NAMING_DISTRO_SYNC, ruleContent= 

2022-07-27 19:20:19,717 INFO Apply tps control rule parse start,pointName=[NAMING_DISTRO_SYNC]  

2022-07-27 19:20:19,717 INFO Clear point  control rule ,pointName=[NAMING_DISTRO_SYNC]  

2022-07-27 19:20:19,717 INFO Clear point  control rule for monitorKeys, pointName=[NAMING_DISTRO_SYNC]  

2022-07-27 19:20:19,718 INFO Register tps control,pointName=NAMING_DISTRO_SYNC_SUCCESS, point=com.alibaba.nacos.core.remote.control.TpsMonitorPoint@7d32c5a9 

2022-07-27 19:20:19,718 INFO Load rule from local,pointName=NAMING_DISTRO_SYNC_SUCCESS, ruleContent= 

2022-07-27 19:20:19,718 INFO Apply tps control rule parse start,pointName=[NAMING_DISTRO_SYNC_SUCCESS]  

2022-07-27 19:20:19,718 INFO Clear point  control rule ,pointName=[NAMING_DISTRO_SYNC_SUCCESS]  

2022-07-27 19:20:19,718 INFO Clear point  control rule for monitorKeys, pointName=[NAMING_DISTRO_SYNC_SUCCESS]  

2022-07-27 19:20:19,718 INFO Register tps control,pointName=NAMING_DISTRO_SYNC_FAIL, point=com.alibaba.nacos.core.remote.control.TpsMonitorPoint@43d74e1e 

2022-07-27 19:20:19,718 INFO Load rule from local,pointName=NAMING_DISTRO_SYNC_FAIL, ruleContent= 

2022-07-27 19:20:19,718 INFO Apply tps control rule parse start,pointName=[NAMING_DISTRO_SYNC_FAIL]  

2022-07-27 19:20:19,718 INFO Clear point  control rule ,pointName=[NAMING_DISTRO_SYNC_FAIL]  

2022-07-27 19:20:19,718 INFO Clear point  control rule for monitorKeys, pointName=[NAMING_DISTRO_SYNC_FAIL]  

2022-07-27 19:20:19,718 INFO Register tps control,pointName=NAMING_DISTRO_VERIFY, point=com.alibaba.nacos.core.remote.control.TpsMonitorPoint@19703b27 

2022-07-27 19:20:19,719 INFO Load rule from local,pointName=NAMING_DISTRO_VERIFY, ruleContent= 

2022-07-27 19:20:19,719 INFO Apply tps control rule parse start,pointName=[NAMING_DISTRO_VERIFY]  

2022-07-27 19:20:19,719 INFO Clear point  control rule ,pointName=[NAMING_DISTRO_VERIFY]  

2022-07-27 19:20:19,719 INFO Clear point  control rule for monitorKeys, pointName=[NAMING_DISTRO_VERIFY]  

2022-07-27 19:20:19,719 INFO Register tps control,pointName=NAMING_DISTRO_VERIFY_SUCCESS, point=com.alibaba.nacos.core.remote.control.TpsMonitorPoint@5c188a97 

2022-07-27 19:20:19,720 INFO Load rule from local,pointName=NAMING_DISTRO_VERIFY_SUCCESS, ruleContent= 

2022-07-27 19:20:19,720 INFO Apply tps control rule parse start,pointName=[NAMING_DISTRO_VERIFY_SUCCESS]  

2022-07-27 19:20:19,720 INFO Clear point  control rule ,pointName=[NAMING_DISTRO_VERIFY_SUCCESS]  

2022-07-27 19:20:19,720 INFO Clear point  control rule for monitorKeys, pointName=[NAMING_DISTRO_VERIFY_SUCCESS]  

2022-07-27 19:20:19,720 INFO Register tps control,pointName=NAMING_DISTRO_VERIFY_FAIL, point=com.alibaba.nacos.core.remote.control.TpsMonitorPoint@376c0330 

2022-07-27 19:20:19,720 INFO Load rule from local,pointName=NAMING_DISTRO_VERIFY_FAIL, ruleContent= 

2022-07-27 19:20:19,720 INFO Apply tps control rule parse start,pointName=[NAMING_DISTRO_VERIFY_FAIL]  

2022-07-27 19:20:19,720 INFO Clear point  control rule ,pointName=[NAMING_DISTRO_VERIFY_FAIL]  

2022-07-27 19:20:19,720 INFO Clear point  control rule for monitorKeys, pointName=[NAMING_DISTRO_VERIFY_FAIL]  

